<?xml version="1.0" encoding="utf-8"?><testsuites><testsuite name="pytest" errors="0" failures="0" skipped="0" tests="49" time="52.172" timestamp="2026-07-16T11:02:13.230965" hostname="Sanikad"><testcase classname="tests.test_ai_generation" name="test_ai_generation_endpoint_auth" time="2.463" /><testcase classname="tests.test_ai_generation" name="test_ai_generation_endpoint_success" time="0.716" /><testcase classname="tests.test_ai_generation" name="test_ai_generation_endpoint_missing_notes" time="0.676" /><testcase classname="tests.test_ai_generation" name="test_ai_service_gemini_success" time="0.010" /><testcase classname="tests.test_ai_generation" name="test_ai_service_fallback_system" time="0.007" /><testcase classname="tests.test_brochure_generation" name="test_brochure_endpoint_auth" time="0.685" /><testcase classname="tests.test_brochure_generation" name="test_brochure_endpoint_success" time="1.355" /><testcase classname="tests.test_brochure_generation" name="test_brochure_task_missing_property" time="0.008" /><testcase classname="tests.test_enterprise_hardening.TestEnterpriseHardening" name="test_secrets_manager_lazy_caching" time="0.685" /><testcase classname="tests.test_enterprise_hardening.TestEnterpriseHardening" name="test_sliding_window_rate_limiting_fallback" time="0.725" /><testcase classname="tests.test_enterprise_hardening.TestEnterpriseHardening" name="test_sliding_window_blacklist_abuse" time="0.765" /><testcase classname="tests.test_enterprise_hardening.TestEnterpriseHardening" name="test_migration_safety_checks_command" time="0.856" /><testcase classname="tests.test_enterprise_hardening.TestEnterpriseHardening" name="test_immutable_audit_log_hash_chain" time="0.708" /><testcase classname="tests.test_enterprise_hardening.TestEnterpriseHardening" name="test_tenant_plan_quotas" time="1.230" /><testcase classname="tests.test_enterprise_hardening.TestEnterpriseHardening" name="test_aes_orm_transparent_encryption_field" time="0.640" /><testcase classname="tests.test_enterprise_hardening.TestEnterpriseHardening" name="test_progressive_feature_flags_targeting" time="0.624" /><testcase classname="tests.test_enterprise_hardening.TestEnterpriseHardening" name="test_structured_error_api_exceptions" time="0.666" /><testcase classname="tests.test_enterprise_security.TestEnterpriseSecurity" name="test_api_versioning_routing" time="0.730" /><testcase classname="tests.test_enterprise_security.TestEnterpriseSecurity" name="test_password_complexity_validator" time="0.610" /><testcase classname="tests.test_enterprise_security.TestEnterpriseSecurity" name="test_password_history_saving_and_checking" time="3.019" /><testcase classname="tests.test_enterprise_security.TestEnterpriseSecurity" name="test_user_session_tracking_on_login" time="1.324" /><testcase classname="tests.test_enterprise_security.TestEnterpriseSecurity" name="test_user_session_logout_endpoints" time="0.748" /><testcase classname="tests.test_enterprise_security.TestEnterpriseSecurity" name="test_mfa_verification_workflow" time="1.503" /><testcase classname="tests.test_enterprise_security.TestEnterpriseSecurity" name="test_payload_limits_and_content_type_middleware" time="0.907" /><testcase classname="tests.test_enterprise_security.TestEnterpriseSecurity" name="test_celery_task_idempotency_decorator" time="0.855" /><testcase classname="tests.test_inventory_automation" name="test_auto_calculation_of_expiry" time="2.115" /><testcase classname="tests.test_inventory_automation" name="test_auto_expiry_command" time="1.844" /><testcase classname="tests.test_inventory_automation" name="test_denormalized_counters" time="1.909" /><testcase classname="tests.test_inventory_automation" name="test_nlp_whatsapp_commands" time="1.871" /><testcase classname="tests.test_inventory_automation" name="test_team_assignment_endpoint" time="1.876" /><testcase classname="tests.test_inventory_automation" name="test_daily_performance_digest_command" time="1.957" /><testcase classname="tests.test_leads" name="test_gated_lead_creation_on_cta_click" time="1.291" /><testcase classname="tests.test_leads" name="test_lead_api_tenant_isolation" time="1.312" /><testcase classname="tests.test_leads" name="test_whatsapp_nlp_lead_commands" time="1.281" /><testcase classname="tests.test_production_readiness.TestProductionReadiness" name="test_json_logging_format" time="0.608" /><testcase classname="tests.test_production_readiness.TestProductionReadiness" name="test_request_id_middleware" time="0.752" /><testcase classname="tests.test_production_readiness.TestProductionReadiness" name="test_security_headers" time="0.751" /><testcase classname="tests.test_production_readiness.TestProductionReadiness" name="test_health_check_upgrade" time="0.742" /><testcase classname="tests.test_production_readiness.TestProductionReadiness" name="test_global_exception_middleware" time="0.716" /><testcase classname="tests.test_production_readiness.TestProductionReadiness" name="test_feature_flags_registration_disabled" time="0.642" /><testcase classname="tests.test_production_readiness.TestProductionReadiness" name="test_rate_limiting_enforcement" time="0.658" /><testcase classname="tests.test_production_readiness.TestProductionReadiness" name="test_environment_validation_fail_fast" time="0.609" /><testcase classname="tests.test_property_lifecycle" name="test_property_audit_logging" time="0.739" /><testcase classname="tests.test_property_lifecycle" name="test_analytics_logging" time="0.680" /><testcase classname="tests.test_tenant_isolation" name="test_tenant_query_isolation" time="1.211" /><testcase classname="tests.test_tenant_isolation" name="test_api_tenant_isolation" time="1.255" /><testcase classname="tests.test_whatsapp_flow" name="test_whatsapp_onboarding_conversation_flow" time="0.692" /><testcase classname="tests.test_whatsapp_flow" name="test_whatsapp_realtime_lead_alerts" time="1.138" /><testcase classname="tests.test_whatsapp_flow" name="test_regex_parser_logic" time="0.058" /></testsuite></testsuites>